0 info it worked if it ends with ok
1 verbose cli [ '/usr/bin/node',
1 verbose cli   '/usr/bin/npm',
1 verbose cli   'install',
1 verbose cli   '--global',
1 verbose cli   'http://npm.intelie',
1 verbose cli   '--registry',
1 verbose cli   'http://npm.intelie' ]
2 info using npm@3.5.2
3 info using node@v8.10.0
4 silly loadCurrentTree Starting
5 silly install loadCurrentTree
6 silly install readGlobalPackageData
7 silly fetchPackageMetaData http://npm.intelie
8 silly fetchOtherPackageData http://npm.intelie
9 silly cache add args [ 'http://npm.intelie', null ]
10 verbose cache add spec http://npm.intelie
11 silly cache add parsed spec Result {
11 silly cache add   raw: 'http://npm.intelie',
11 silly cache add   scope: null,
11 silly cache add   name: null,
11 silly cache add   rawSpec: 'http://npm.intelie',
11 silly cache add   spec: 'http://npm.intelie',
11 silly cache add   type: 'remote' }
12 silly mapToRegistry name http://npm.intelie
13 silly mapToRegistry using default registry
14 silly mapToRegistry registry http://npm.intelie/
15 silly mapToRegistry uri http://npm.intelie/
16 verbose addRemoteTarball http://npm.intelie not in flight; adding
17 verbose addRemoteTarball [ 'http://npm.intelie', null ]
18 info retry fetch attempt 1 at 10:37:46 AM
19 info attempt registry request try #1 at 10:37:46 AM
20 http fetch GET http://npm.intelie/
21 verbose request id 5ca2ccaa83fb1dba
22 http fetch 200 http://npm.intelie
23 silly fetchAndShaCheck shasum e059b49d232c3711b8c8592a981dacc31087630c
24 verbose addTmpTarball /tmp/npm-12978-f2f01fcb/npm.intelie not in flight; adding
25 verbose addTmpTarball validating metadata from /tmp/npm-12978-f2f01fcb/npm.intelie
26 verbose tar unpack /tmp/npm-12978-f2f01fcb/npm.intelie
27 verbose tar unpacking to /tmp/npm-12978-f2f01fcb/unpack-7ad3249d
28 silly gentlyRm /tmp/npm-12978-f2f01fcb/unpack-7ad3249d is being purged
29 verbose gentlyRm don't care about contents; nuking /tmp/npm-12978-f2f01fcb/unpack-7ad3249d
30 silly gunzTarPerm modes [ '755', '644' ]
31 error not a package /tmp/npm-12978-f2f01fcb/npm.intelie
32 silly fetchPackageMetaData Error: ENOENT: no such file or directory, open '/tmp/npm-12978-f2f01fcb/unpack-7ad3249d/package.json'
32 silly fetchPackageMetaData  error for http://npm.intelie { Error: ENOENT: no such file or directory, open '/tmp/npm-12978-f2f01fcb/unpack-7ad3249d/package.json'
32 silly fetchPackageMetaData   errno: -2,
32 silly fetchPackageMetaData   code: 'ENOENT',
32 silly fetchPackageMetaData   syscall: 'open',
32 silly fetchPackageMetaData   path: '/tmp/npm-12978-f2f01fcb/unpack-7ad3249d/package.json' }
33 silly rollbackFailedOptional Starting
34 silly rollbackFailedOptional Finishing
35 silly runTopLevelLifecycles Starting
36 silly runTopLevelLifecycles Finishing
37 silly install printInstalled
38 verbose stack Error: ENOENT: no such file or directory, open '/tmp/npm-12978-f2f01fcb/unpack-7ad3249d/package.json'
39 verbose cwd /home/aurelio/Documents/dev-dependencies/playbook
40 error Linux 5.3.0-28-generic
41 error argv "/usr/bin/node" "/usr/bin/npm" "install" "--global" "http://npm.intelie" "--registry" "http://npm.intelie"
42 error node v8.10.0
43 error npm  v3.5.2
44 error path /tmp/npm-12978-f2f01fcb/unpack-7ad3249d/package.json
45 error code ENOENT
46 error errno -2
47 error syscall open
48 error enoent ENOENT: no such file or directory, open '/tmp/npm-12978-f2f01fcb/unpack-7ad3249d/package.json'
49 error enoent ENOENT: no such file or directory, open '/tmp/npm-12978-f2f01fcb/unpack-7ad3249d/package.json'
49 error enoent This is most likely not a problem with npm itself
49 error enoent and is related to npm not being able to find a file.
50 verbose exit [ -2, true ]
